==> /data/log/init/gitea.log <==

==> /data/log/init/mariadb.log <==

==> /data/log/init/nginx.log <==

==> /data/log/init/php-fpm.log <==

==> /data/log/init/postgresql.log <==

==> /data/log/init/mariadb.log <==
2021-03-08 17:28:19 0 [Note] mysqld (mysqld 10.5.8-MariaDB) starting as process 41 ...
2021-03-08 17:28:19 0 [Note] InnoDB: Using Linux native AIO
2021-03-08 17:28:19 0 [Note] InnoDB: Uses event mutexes
2021-03-08 17:28:19 0 [Note] InnoDB: Compressed tables use zlib 1.2.11
2021-03-08 17:28:19 0 [Note] InnoDB: Number of pools: 1
2021-03-08 17:28:19 0 [Note] InnoDB: Using ARMv8 crc32 instructions
2021-03-08 17:28:19 0 [Note] mysqld: O_TMPFILE is not supported on /var/tmp (disabling future attempts)
2021-03-08 17:28:19 0 [Note] InnoDB: Initializing buffer pool, total size = 134217728, chunk size = 134217728
2021-03-08 17:28:19 0 [Note] InnoDB: Completed initialization of buffer pool
2021-03-08 17:28:19 0 [Note] InnoDB: If the mysqld execution user is authorized, page cleaner thread priority can be changed. See the man page of setpriority().
2021-03-08 17:28:20 0 [Note] InnoDB: Starting crash recovery from checkpoint LSN=393950,393950

==> /data/log/init/postgresql.log <==
2021-03-09 00:28:20.481 WIB [39] LOG:  starting PostgreSQL 13.2 on aarch64-alpine-linux-musl, compiled by gcc (Alpine 10.2.1_pre1) 10.2.1 20201203, 64-bit
2021-03-09 00:28:20.482 WIB [39] LOG:  listening on IPv4 address "0.0.0.0", port 5432
2021-03-09 00:28:20.482 WIB [39] LOG:  listening on IPv6 address "::", port 5432

==> /data/log/init/gitea.log <==
[36m2021/03/08 17:28:20 [0m[32mcmd/web.go:108:[32mrunWeb()[0m [1;32m[I][0m Starting Gitea on PID: [1m38[0m
[36m2021/03/08 17:28:21 [0m[32m...dules/setting/git.go:91:[32mnewGit()[0m [1;32m[I][0m Git Version: [1m2.30.1[0m, Wire Protocol [1mVersion 2[0m Enabled
[36m2021/03/08 17:28:21 [0m[32mrouters/init.go:132:[32mGlobalInit()[0m [1;36m[T][0m AppPath: [1m/usr/bin/gitea[0m
[36m2021/03/08 17:28:21 [0m[32mrouters/init.go:133:[32mGlobalInit()[0m [1;36m[T][0m AppWorkPath: [1m/data/gitea[0m
[36m2021/03/08 17:28:21 [0m[32mrouters/init.go:134:[32mGlobalInit()[0m [1;36m[T][0m Custom path: [1m/data/gitea/custom[0m
[36m2021/03/08 17:28:21 [0m[32mrouters/init.go:135:[32mGlobalInit()[0m [1;36m[T][0m Log path: [1m/var/log/gitea[0m

==> /data/log/init/mariadb.log <==
2021-03-08 17:28:21 0 [Note] InnoDB: 128 rollback segments are active.
2021-03-08 17:28:21 0 [Note] InnoDB: Removed temporary tablespace data file: "ibtmp1"
2021-03-08 17:28:21 0 [Note] InnoDB: Creating shared tablespace for temporary tables
2021-03-08 17:28:21 0 [Note] InnoDB: Setting file './ibtmp1' size to 12 MB. Physically writing the file full; Please wait ...
2021-03-08 17:28:21 0 [Note] InnoDB: File './ibtmp1' size is now 12 MB.
2021-03-08 17:28:21 0 [Note] InnoDB: 10.5.8 started; log sequence number 393998; transaction id 1275
2021-03-08 17:28:21 0 [Note] InnoDB: Loading buffer pool(s) from /data/mysql/ib_buffer_pool
2021-03-08 17:28:21 0 [Note] Plugin 'FEEDBACK' is disabled.

==> /data/log/init/postgresql.log <==
2021-03-09 00:28:20.809 WIB [39] LOG:  listening on Unix socket "/run/postgresql/.s.PGSQL.5432"
2021-03-09 00:28:21.170 WIB [62] LOG:  database system was interrupted; last known up at 2021-03-09 00:23:09 WIB
2021-03-09 00:28:21.418 WIB [62] LOG:  database system was not properly shut down; automatic recovery in progress
2021-03-09 00:28:21.468 WIB [62] LOG:  redo starts at 0/230D160
2021-03-09 00:28:21.468 WIB [62] LOG:  invalid record length at 0/230D198: wanted 24, got 0
2021-03-09 00:28:21.468 WIB [62] LOG:  redo done at 0/230D160

==> /data/log/init/gitea.log <==
[36m2021/03/08 17:28:22 [0m[32m...dules/setting/log.go:297:[32mnewLogService()[0m [1;32m[I][0m Gitea v[1m1.13.2[0m[1m built with GNU Make 4.3, go1.15.7 : tidb, sqlite, sqlite_unlock_notify[0m
[36m2021/03/08 17:28:22 [0m[32m...dules/setting/log.go:343:[32mnewLogService()[0m [1;32m[I][0m Gitea Log Mode: [1mConsole[0m([1mConsole[0m:[1minfo[0m)
[36m2021/03/08 17:28:22 [0m[32m...dules/setting/log.go:249:[32mgenerateNamedLogger()[0m [1;32m[I][0m [1mMacaron[0m Log: [1mConsole[0m([1mconsole[0m:[1minfo[0m)
[36m2021/03/08 17:28:22 [0m[32m...dules/setting/log.go:249:[32mgenerateNamedLogger()[0m [1;32m[I][0m [1mRouter[0m Log: [1mConsole[0m([1mconsole[0m:[1minfo[0m)
[36m2021/03/08 17:28:22 [0m[32m...les/setting/cache.go:70:[32mnewCacheService()[0m [1;32m[I][0m Cache Service Enabled
[36m2021/03/08 17:28:22 [0m[32m...les/setting/cache.go:81:[32mnewCacheService()[0m [1;32m[I][0m Last Commit Cache Service Enabled
[36m2021/03/08 17:28:22 [0m[32m...s/setting/session.go:63:[32mnewSessionService()[0m [1;32m[I][0m Session Service Enabled
[36m2021/03/08 17:28:22 [0m[32m...s/storage/storage.go:151:[32minitAttachments()[0m [1;32m[I][0m Initialising Attachment storage with type: [1m[0m
[36m2021/03/08 17:28:22 [0m[32m...les/storage/local.go:43:[32mNewLocalStorage()[0m [1;32m[I][0m Creating new Local Storage at [1m/data/gitea/data/attachments[0m
[36m2021/03/08 17:28:22 [0m[32m...s/storage/storage.go:145:[32minitAvatars()[0m [1;32m[I][0m Initialising Avatar storage with type: [1m[0m
[36m2021/03/08 17:28:22 [0m[32m...les/storage/local.go:43:[32mNewLocalStorage()[0m [1;32m[I][0m Creating new Local Storage at [1m/data/gitea/data/avatars[0m
[36m2021/03/08 17:28:22 [0m[32m...s/storage/storage.go:163:[32minitRepoAvatars()[0m [1;32m[I][0m Initialising Repository Avatar storage with type: [1m[0m
[36m2021/03/08 17:28:22 [0m[32m...les/storage/local.go:43:[32mNewLocalStorage()[0m [1;32m[I][0m Creating new Local Storage at [1m/data/gitea/data/repo-avatars[0m
[36m2021/03/08 17:28:22 [0m[32m...s/storage/storage.go:157:[32minitLFS()[0m [1;32m[I][0m Initialising LFS storage with type: [1m[0m
[36m2021/03/08 17:28:22 [0m[32m...les/storage/local.go:43:[32mNewLocalStorage()[0m [1;32m[I][0m Creating new Local Storage at [1m/data/gitea/data/lfs[0m

==> /data/log/init/mariadb.log <==
2021-03-08 17:28:21 0 [Note] InnoDB: Buffer pool(s) load completed at 210308 17:28:21
2021-03-08 17:28:21 0 [Note] Reading of all Master_info entries succeeded
2021-03-08 17:28:21 0 [Note] Added new Master_info '' to hash table
2021-03-08 17:28:21 0 [Note] mysqld: ready for connections.
Version: '10.5.8-MariaDB'  socket: '/run/mysqld/mysqld.sock'  port: 0  MariaDB Server

==> /data/log/init/postgresql.log <==
2021-03-09 00:28:21.788 WIB [39] LOG:  database system is ready to accept connections

==> /data/log/init/gitea.log <==
[36m2021/03/08 17:28:23 [0m[32mrouters/init.go:75:[32minitDBEngine()[0m [1;32m[I][0m Beginning ORM engine initialization.
[36m2021/03/08 17:28:23 [0m[32mrouters/init.go:82:[32minitDBEngine()[0m [1;32m[I][0m ORM engine initialization attempt #[1m1[0m/[1m10[0m...
[36m2021/03/08 17:28:23 [0m[32m...rm/session_schema.go:25:[32mPing()[0m [1;32m[I][0m PING DATABASE [1msqlite3[0m
[36m2021/03/08 17:28:23 [0m[32mrouters/init.go:147:[32mGlobalInit()[0m [1;32m[I][0m ORM engine initialization successful!
[36m2021/03/08 17:28:23 [0m[32m...er/issues/indexer.go:142:[32mfunc2()[0m [1;32m[I][0m PID [1m38[0m: Initializing Issue Indexer: [1mbleve[0m
[36m2021/03/08 17:28:24 [0m[32m...er/issues/indexer.go:221:[32mfunc3()[0m [1;32m[I][0m Issue Indexer Initialization took [1m164.439098ms[0m
[36m2021/03/08 17:28:24 [0m[32m...xer/stats/indexer.go:38:[32mpopulateRepoIndexer()[0m [1;32m[I][0m Populating the repo stats indexer with existing repositories
[36m2021/03/08 17:28:25 [0m[32m...xer/stats/indexer.go:84:[32mpopulateRepoIndexer()[0m [1;32m[I][0m Done (re)populating the repo stats indexer with existing repositories
[36m2021/03/08 17:28:25 [0m[32mrouters/init.go:176:[32mGlobalInit()[0m [1;32m[I][0m SQLite3 Supported
[36m2021/03/08 17:28:25 [0m[32mrouters/init.go:56:[32mcheckRunMode()[0m [1;32m[I][0m Run Mode: [1mProduction[0m
[36m2021/03/08 17:28:29 [0m[32mcmd/web.go:163:[32mrunWeb()[0m [1;32m[I][0m Listen: [1munix[0m://[1m/run/gitea/gitea.sock[0m[1m/git[0m
[36m2021/03/08 17:28:29 [0m[32mcmd/web.go:166:[32mrunWeb()[0m [1;32m[I][0m LFS server enabled
[36m2021/03/08 17:28:29 [0m[32m...s/graceful/server.go:55:[32mNewServer()[0m [1;32m[I][0m Starting new server: [1munix[0m:[1m/run/gitea/gitea.sock[0m on PID: [1m38[0m
[36m2021/03/08 17:29:57 [0mStarted [34mGET[0m [1m/[0m for [1m@[0m
[36m2021/03/08 17:29:57 [0mCompleted [34mGET[0m [1m/[0m [32m200[0m [32mOK[0m in [33m204.031282ms[0m
[36m2021/03/08 17:29:57 [0mStarted [34mGET[0m [1m/user/avatar/lemniskett/-1[0m for [1m@[0m
[36m2021/03/08 17:29:57 [0mCompleted [34mGET[0m [1m/user/avatar/lemniskett/-1[0m [33m302[0m [33mFound[0m in [1m13.795276ms[0m
[36m2021/03/08 17:29:58 [0mStarted [34mGET[0m [1m/api/v1/repos/search?sort=updated&order=desc&uid=1&q=&page=1&mode=[0m for [1m@[0m
[36m2021/03/08 17:29:58 [0mStarted [34mGET[0m [1m/api/v1/repos/search?sort=updated&order=desc&uid=1&q=&page=1&limit=15&mode=&archived=false[0m for [1m@[0m
[36m2021/03/08 17:29:58 [0mCompleted [34mGET[0m [1m/api/v1/repos/search?sort=updated&order=desc&uid=1&q=&page=1&mode=[0m [32m200[0m [32mOK[0m in [1m45.761533ms[0m
[36m2021/03/08 17:29:58 [0mCompleted [34mGET[0m [1m/api/v1/repos/search?sort=updated&order=desc&uid=1&q=&page=1&limit=15&mode=&archived=false[0m [32m200[0m [32mOK[0m in [1m34.706879ms[0m
[36m2021/03/08 17:29:58 [0mStarted [34mGET[0m [1m/api/v1/users/lemniskett/heatmap[0m for [1m@[0m
[36m2021/03/08 17:29:58 [0mCompleted [34mGET[0m [1m/api/v1/users/lemniskett/heatmap[0m [32m200[0m [32mOK[0m in [1m15.480266ms[0m
[36m2021/03/08 17:29:58 [0mStarted [34mGET[0m [1m/user/events[0m for [1m@[0m
